c:\users\s1601753\downloads\gui and calc v3\firstgui\firstgui\debug\vc140.pdb
c:\users\s1601753\downloads\gui and calc v3\firstgui\firstgui\debug\myform.obj
c:\users\s1601753\downloads\gui and calc v3\firstgui\firstgui\debug\.netframework,version=v4.5.2.assemblyattributes.obj
c:\users\s1601753\downloads\gui and calc v3\firstgui\firstgui\debug\.netframework,version=v4.5.2.assemblyattributes.asm
c:\users\s1601753\downloads\gui and calc v3\firstgui\firstgui\debug\firstgui.myform.resources
c:\users\s1601753\downloads\gui and calc v3\firstgui\firstgui\debug\firstgui.vcxproj.generateresource.cache
c:\users\s1601753\downloads\gui and calc v3\firstgui\firstgui\debug\firstgui.vcxprojresolveassemblyreference.cache
c:\users\s1601753\downloads\gui and calc v3\firstgui\debug\firstgui.pdb
c:\users\s1601753\downloads\gui and calc v3\firstgui\firstgui\debug\firstgui.tlog\cl.command.1.tlog
c:\users\s1601753\downloads\gui and calc v3\firstgui\firstgui\debug\firstgui.tlog\cl.read.1.tlog
c:\users\s1601753\downloads\gui and calc v3\firstgui\firstgui\debug\firstgui.tlog\cl.write.1.tlog
c:\users\s1601753\downloads\gui and calc v3\firstgui\firstgui\debug\firstgui.tlog\firstgui.write.1u.tlog
c:\users\s1601753\downloads\gui and calc v3\firstgui\firstgui\debug\firstgui.tlog\link.10808.10968-cvtres.read.1.tlog
c:\users\s1601753\downloads\gui and calc v3\firstgui\firstgui\debug\firstgui.tlog\link.10808.10968-cvtres.write.1.tlog
c:\users\s1601753\downloads\gui and calc v3\firstgui\firstgui\debug\firstgui.tlog\link.10808.10968-rc.read.1.tlog
c:\users\s1601753\downloads\gui and calc v3\firstgui\firstgui\debug\firstgui.tlog\link.10808.10968-rc.write.1.tlog
c:\users\s1601753\downloads\gui and calc v3\firstgui\firstgui\debug\firstgui.tlog\link.10808.10968.read.1.tlog
c:\users\s1601753\downloads\gui and calc v3\firstgui\firstgui\debug\firstgui.tlog\link.10808.10968.write.1.tlog
c:\users\s1601753\downloads\gui and calc v3\firstgui\firstgui\debug\firstgui.tlog\link.10808.read.1.tlog
c:\users\s1601753\downloads\gui and calc v3\firstgui\firstgui\debug\firstgui.tlog\link.10808.write.1.tlog
c:\users\s1601753\downloads\gui and calc v3\firstgui\firstgui\debug\firstgui.tlog\link.command.1.tlog
c:\users\s1601753\downloads\gui and calc v3\firstgui\firstgui\debug\firstgui.tlog\link.read.1.tlog
c:\users\s1601753\downloads\gui and calc v3\firstgui\firstgui\debug\firstgui.tlog\link.write.1.tlog
c:\users\s1601753\downloads\gui and calc v3\firstgui\firstgui\debug\firstgui.tlog\metagen.read.1.tlog
c:\users\s1601753\downloads\gui and calc v3\firstgui\firstgui\debug\firstgui.tlog\metagen.write.1.tlog
c:\users\s1601753\downloads\gui and calc v3\firstgui\firstgui\debug\firstgui.tlog\rsaenh.dll.bi
c:\users\s1601753\downloads\gui and calc v3\firstgui\firstgui\debug\firstgui.tlog\tzres.dll.bi
